<?xml version="1.0" encoding="UTF-8"?>
<TestRun id="82f0ce8b-fadc-4cef-892a-28bc58887315" name="Ани@АНИ-ПК 2016-04-12 14:05:07" runUser="Ани-ПК\Ани" xmlns="http://microsoft.com/schemas/VisualStudio/TeamTest/2010">
  <TestSettings name="Локальные" id="d1bd6848-d196-41b9-bf40-81a18eedd149">
    <Description>Это - параметры по умолчанию для локального тестового запуска.</Description>
    <Deployment enabled="false" runDeploymentRoot="Ани_АНИ-ПК 2016-04-12 14_05_07">
      <DeploymentItem filename="C:\Users\Ани\Desktop\GMESH\Geometry\bin\Debug\Geometry.dll" />
    </Deployment>
    <Execution>
      <TestTypeSpecific />
      <AgentRule name="Execution Agents">
      </AgentRule>
    </Execution>
  </TestSettings>
  <Times creation="2016-04-12T14:05:07.4802282+03:00" queuing="2016-04-12T14:05:07.6202284+03:00" start="2016-04-12T14:05:07.7602286+03:00" finish="2016-04-12T14:05:09.0402627+03:00" />
  <ResultSummary outcome="Completed">
    <Counters total="14" executed="14" passed="14" error="0" failed="0" timeout="0" aborted="0" inconclusive="0" passedButRunAborted="0" notRunnable="0" notExecuted="0" disconnected="0" warning="0" completed="0" inProgress="0" pending="0" />
  </ResultSummary>
  <TestDefinitions>
    <UnitTest name="YTest" storage="c:\users\ани\desktop\gmesh\testofgeometry\bin\debug\testofgeometry.dll" id="5d31dc43-73a2-ae58-1068-419736485d2d">
      <Execution id="13f4796a-9cb3-4c5e-9b30-dfbb484ab66b" />
      <TestMethod codeBase="C:/Users/Ани/Desktop/GMESH/TestOfGeometry/bin/Debug/TestOfGeometry.DLL" adapterTypeName="Microsoft.VisualStudio.TestTools.TestTypes.Unit.UnitTestAdapter, Microsoft.VisualStudio.QualityTools.Tips.UnitTest.Adapter, Version=10.0.0.0, Culture=neutral, PublicKeyToken=b03f5f7f11d50a3a" className="TestOfGeometry.PointTest, TestOfGeometry, Version=1.0.0.0, Culture=neutral, PublicKeyToken=null" name="YTest" />
    </UnitTest>
    <UnitTest name="SegmentConstructorTest" storage="c:\users\ани\desktop\gmesh\testofgeometry\bin\debug\testofgeometry.dll" id="67055ce4-0089-ffb8-0de5-eb188293cf42">
      <Execution id="076de4fd-4887-45ab-a143-66e3a8bbbb4f" />
      <TestMethod codeBase="C:/Users/Ани/Desktop/GMESH/TestOfGeometry/bin/Debug/TestOfGeometry.DLL" adapterTypeName="Microsoft.VisualStudio.TestTools.TestTypes.Unit.UnitTestAdapter, Microsoft.VisualStudio.QualityTools.Tips.UnitTest.Adapter, Version=10.0.0.0, Culture=neutral, PublicKeyToken=b03f5f7f11d50a3a" className="TestOfGeometry.SegmentTest, TestOfGeometry, Version=1.0.0.0, Culture=neutral, PublicKeyToken=null" name="SegmentConstructorTest" />
    </UnitTest>
    <UnitTest name="TestMethod1" storage="c:\users\ани\desktop\gmesh\testofgeometry\bin\debug\testofgeometry.dll" id="fceb88fd-5b4e-5989-ef88-02850e25376d">
      <Execution id="8936bd11-fb0f-4912-addf-ce3664c7b209" />
      <TestMethod codeBase="C:/Users/Ани/Desktop/GMESH/TestOfGeometry/bin/Debug/TestOfGeometry.DLL" adapterTypeName="Microsoft.VisualStudio.TestTools.TestTypes.Unit.UnitTestAdapter, Microsoft.VisualStudio.QualityTools.Tips.UnitTest.Adapter, Version=10.0.0.0, Culture=neutral, PublicKeyToken=b03f5f7f11d50a3a" className="TestOfGeometry.UnitTest1, TestOfGeometry, Version=1.0.0.0, Culture=neutral, PublicKeyToken=null" name="TestMethod1" />
    </UnitTest>
    <UnitTest name="XTest" storage="c:\users\ани\desktop\gmesh\testofgeometry\bin\debug\testofgeometry.dll" id="a1659872-cbd7-cd83-5661-340ffd974e46">
      <Execution id="741e9ec2-5c39-4323-8112-c82db422daca" />
      <TestMethod codeBase="C:/Users/Ани/Desktop/GMESH/TestOfGeometry/bin/Debug/TestOfGeometry.DLL" adapterTypeName="Microsoft.VisualStudio.TestTools.TestTypes.Unit.UnitTestAdapter, Microsoft.VisualStudio.QualityTools.Tips.UnitTest.Adapter, Version=10.0.0.0, Culture=neutral, PublicKeyToken=b03f5f7f11d50a3a" className="TestOfGeometry.PointTest, TestOfGeometry, Version=1.0.0.0, Culture=neutral, PublicKeyToken=null" name="XTest" />
    </UnitTest>
    <UnitTest name="StTest" storage="c:\users\ани\desktop\gmesh\testofgeometry\bin\debug\testofgeometry.dll" id="db78a6c8-4a5e-8fb6-dfae-8fa7a5f766d2">
      <Execution id="571ebd78-cf5d-40b4-a39d-9864de587b4d" />
      <TestMethod codeBase="C:/Users/Ани/Desktop/GMESH/TestOfGeometry/bin/Debug/TestOfGeometry.DLL" adapterTypeName="Microsoft.VisualStudio.TestTools.TestTypes.Unit.UnitTestAdapter, Microsoft.VisualStudio.QualityTools.Tips.UnitTest.Adapter, Version=10.0.0.0, Culture=neutral, PublicKeyToken=b03f5f7f11d50a3a" className="TestOfGeometry.SegmentTest, TestOfGeometry, Version=1.0.0.0, Culture=neutral, PublicKeyToken=null" name="StTest" />
    </UnitTest>
    <UnitTest name="getPointTest" storage="c:\users\ани\desktop\gmesh\testofgeometry\bin\debug\testofgeometry.dll" id="afc1b0d6-293b-332f-4927-fa53d0e03374">
      <Execution id="60546a00-0860-4bb6-8af4-576be0b79fff" />
      <TestMethod codeBase="C:/Users/Ани/Desktop/GMESH/TestOfGeometry/bin/Debug/TestOfGeometry.DLL" adapterTypeName="Microsoft.VisualStudio.TestTools.TestTypes.Unit.UnitTestAdapter, Microsoft.VisualStudio.QualityTools.Tips.UnitTest.Adapter, Version=10.0.0.0, Culture=neutral, PublicKeyToken=b03f5f7f11d50a3a" className="TestOfGeometry.LineTest, TestOfGeometry, Version=1.0.0.0, Culture=neutral, PublicKeyToken=null" name="getPointTest" />
    </UnitTest>
    <UnitTest name="FinTest" storage="c:\users\ани\desktop\gmesh\testofgeometry\bin\debug\testofgeometry.dll" id="c32009c0-c625-3b69-6448-32a56c055af3">
      <Execution id="eb06fbcb-0f13-4c7a-9026-e245fd464af7" />
      <TestMethod codeBase="C:/Users/Ани/Desktop/GMESH/TestOfGeometry/bin/Debug/TestOfGeometry.DLL" adapterTypeName="Microsoft.VisualStudio.TestTools.TestTypes.Unit.UnitTestAdapter, Microsoft.VisualStudio.QualityTools.Tips.UnitTest.Adapter, Version=10.0.0.0, Culture=neutral, PublicKeyToken=b03f5f7f11d50a3a" className="TestOfGeometry.SegmentTest, TestOfGeometry, Version=1.0.0.0, Culture=neutral, PublicKeyToken=null" name="FinTest" />
    </UnitTest>
    <UnitTest name="PointConstructorTest" storage="c:\users\ани\desktop\gmesh\testofgeometry\bin\debug\testofgeometry.dll" id="fd26dd54-e81f-34da-adad-2b8d4582f5ed">
      <Execution id="1f23c985-7892-44c4-ac8a-9989337cfff1" />
      <TestMethod codeBase="C:/Users/Ани/Desktop/GMESH/TestOfGeometry/bin/Debug/TestOfGeometry.DLL" adapterTypeName="Microsoft.VisualStudio.TestTools.TestTypes.Unit.UnitTestAdapter, Microsoft.VisualStudio.QualityTools.Tips.UnitTest.Adapter, Version=10.0.0.0, Culture=neutral, PublicKeyToken=b03f5f7f11d50a3a" className="TestOfGeometry.PointTest, TestOfGeometry, Version=1.0.0.0, Culture=neutral, PublicKeyToken=null" name="PointConstructorTest" />
    </UnitTest>
    <UnitTest name="LineConstructorTest" storage="c:\users\ани\desktop\gmesh\testofgeometry\bin\debug\testofgeometry.dll" id="4a5c8836-c779-c58e-ab98-5d033bc99b65">
      <Execution id="346a8a0d-0b43-4fd0-844a-988b1d97e3a9" />
      <TestMethod codeBase="C:/Users/Ани/Desktop/GMESH/TestOfGeometry/bin/Debug/TestOfGeometry.DLL" adapterTypeName="Microsoft.VisualStudio.TestTools.TestTypes.Unit.UnitTestAdapter, Microsoft.VisualStudio.QualityTools.Tips.UnitTest.Adapter, Version=10.0.0.0, Culture=neutral, PublicKeyToken=b03f5f7f11d50a3a" className="TestOfGeometry.LineTest, TestOfGeometry, Version=1.0.0.0, Culture=neutral, PublicKeyToken=null" name="LineConstructorTest" />
    </UnitTest>
    <UnitTest name="getPointTest" storage="c:\users\ани\desktop\gmesh\testofgeometry\bin\debug\testofgeometry.dll" id="fc1dfce3-7bfd-f639-2130-4a7d21485602">
      <Execution id="fef779b9-54da-4729-b082-cb7bbc790cfe" />
      <TestMethod codeBase="C:/Users/Ани/Desktop/GMESH/TestOfGeometry/bin/Debug/TestOfGeometry.DLL" adapterTypeName="Microsoft.VisualStudio.TestTools.TestTypes.Unit.UnitTestAdapter, Microsoft.VisualStudio.QualityTools.Tips.UnitTest.Adapter, Version=10.0.0.0, Culture=neutral, PublicKeyToken=b03f5f7f11d50a3a" className="TestOfGeometry.CardioidTest, TestOfGeometry, Version=1.0.0.0, Culture=neutral, PublicKeyToken=null" name="getPointTest" />
    </UnitTest>
    <UnitTest name="CardioidConstructorTest" storage="c:\users\ани\desktop\gmesh\testofgeometry\bin\debug\testofgeometry.dll" id="f0365fef-44d3-1475-85b0-c9f7df84f4f2">
      <Execution id="7c1e2863-f04f-4166-a85f-bcfc998203b8" />
      <TestMethod codeBase="C:/Users/Ани/Desktop/GMESH/TestOfGeometry/bin/Debug/TestOfGeometry.DLL" adapterTypeName="Microsoft.VisualStudio.TestTools.TestTypes.Unit.UnitTestAdapter, Microsoft.VisualStudio.QualityTools.Tips.UnitTest.Adapter, Version=10.0.0.0, Culture=neutral, PublicKeyToken=b03f5f7f11d50a3a" className="TestOfGeometry.CardioidTest, TestOfGeometry, Version=1.0.0.0, Culture=neutral, PublicKeyToken=null" name="CardioidConstructorTest" />
    </UnitTest>
    <UnitTest name="getPointTest" storage="c:\users\ани\desktop\gmesh\testofgeometry\bin\debug\testofgeometry.dll" id="d7c848a9-d807-cc75-fd1e-f6ed3321bc99">
      <Execution id="5b0677f6-d864-4106-ba4a-c428cc699b2e" />
      <TestMethod codeBase="C:/Users/Ани/Desktop/GMESH/TestOfGeometry/bin/Debug/TestOfGeometry.DLL" adapterTypeName="Microsoft.VisualStudio.TestTools.TestTypes.Unit.UnitTestAdapter, Microsoft.VisualStudio.QualityTools.Tips.UnitTest.Adapter, Version=10.0.0.0, Culture=neutral, PublicKeyToken=b03f5f7f11d50a3a" className="TestOfGeometry.SegmentTest, TestOfGeometry, Version=1.0.0.0, Culture=neutral, PublicKeyToken=null" name="getPointTest" />
    </UnitTest>
    <UnitTest name="getPointTest" storage="c:\users\ани\desktop\gmesh\testofgeometry\bin\debug\testofgeometry.dll" id="91bd4190-bb55-34c3-7f5e-c1901d395e63">
      <Execution id="dd3cbfcd-77a8-473d-bcf5-bc7bfd7c1868" />
      <TestMethod codeBase="C:/Users/Ани/Desktop/GMESH/TestOfGeometry/bin/Debug/TestOfGeometry.DLL" adapterTypeName="Microsoft.VisualStudio.TestTools.TestTypes.Unit.UnitTestAdapter, Microsoft.VisualStudio.QualityTools.Tips.UnitTest.Adapter, Version=10.0.0.0, Culture=neutral, PublicKeyToken=b03f5f7f11d50a3a" className="TestOfGeometry.CircleTest, TestOfGeometry, Version=1.0.0.0, Culture=neutral, PublicKeyToken=null" name="getPointTest" />
    </UnitTest>
    <UnitTest name="CircleConstructorTest" storage="c:\users\ани\desktop\gmesh\testofgeometry\bin\debug\testofgeometry.dll" id="b877574b-dc5c-4276-2dc9-555f6aaf4d4c">
      <Execution id="2e2a63d4-718e-4658-8038-1ee463a64ce6" />
      <TestMethod codeBase="C:/Users/Ани/Desktop/GMESH/TestOfGeometry/bin/Debug/TestOfGeometry.DLL" adapterTypeName="Microsoft.VisualStudio.TestTools.TestTypes.Unit.UnitTestAdapter, Microsoft.VisualStudio.QualityTools.Tips.UnitTest.Adapter, Version=10.0.0.0, Culture=neutral, PublicKeyToken=b03f5f7f11d50a3a" className="TestOfGeometry.CircleTest, TestOfGeometry, Version=1.0.0.0, Culture=neutral, PublicKeyToken=null" name="CircleConstructorTest" />
    </UnitTest>
  </TestDefinitions>
  <TestLists>
    <TestList name="Отсутствующие в списке результаты" id="8c84fa94-04c1-424b-9868-57a2d4851a1d" />
    <TestList name="Все загруженные результаты" id="19431567-8539-422a-85d7-44ee4e166bda" />
  </TestLists>
  <TestEntries>
    <TestEntry testId="4a5c8836-c779-c58e-ab98-5d033bc99b65" executionId="346a8a0d-0b43-4fd0-844a-988b1d97e3a9" testListId="8c84fa94-04c1-424b-9868-57a2d4851a1d" />
    <TestEntry testId="5d31dc43-73a2-ae58-1068-419736485d2d" executionId="13f4796a-9cb3-4c5e-9b30-dfbb484ab66b" testListId="8c84fa94-04c1-424b-9868-57a2d4851a1d" />
    <TestEntry testId="67055ce4-0089-ffb8-0de5-eb188293cf42" executionId="076de4fd-4887-45ab-a143-66e3a8bbbb4f" testListId="8c84fa94-04c1-424b-9868-57a2d4851a1d" />
    <TestEntry testId="91bd4190-bb55-34c3-7f5e-c1901d395e63" executionId="dd3cbfcd-77a8-473d-bcf5-bc7bfd7c1868" testListId="8c84fa94-04c1-424b-9868-57a2d4851a1d" />
    <TestEntry testId="a1659872-cbd7-cd83-5661-340ffd974e46" executionId="741e9ec2-5c39-4323-8112-c82db422daca" testListId="8c84fa94-04c1-424b-9868-57a2d4851a1d" />
    <TestEntry testId="afc1b0d6-293b-332f-4927-fa53d0e03374" executionId="60546a00-0860-4bb6-8af4-576be0b79fff" testListId="8c84fa94-04c1-424b-9868-57a2d4851a1d" />
    <TestEntry testId="b877574b-dc5c-4276-2dc9-555f6aaf4d4c" executionId="2e2a63d4-718e-4658-8038-1ee463a64ce6" testListId="8c84fa94-04c1-424b-9868-57a2d4851a1d" />
    <TestEntry testId="c32009c0-c625-3b69-6448-32a56c055af3" executionId="eb06fbcb-0f13-4c7a-9026-e245fd464af7" testListId="8c84fa94-04c1-424b-9868-57a2d4851a1d" />
    <TestEntry testId="d7c848a9-d807-cc75-fd1e-f6ed3321bc99" executionId="5b0677f6-d864-4106-ba4a-c428cc699b2e" testListId="8c84fa94-04c1-424b-9868-57a2d4851a1d" />
    <TestEntry testId="db78a6c8-4a5e-8fb6-dfae-8fa7a5f766d2" executionId="571ebd78-cf5d-40b4-a39d-9864de587b4d" testListId="8c84fa94-04c1-424b-9868-57a2d4851a1d" />
    <TestEntry testId="f0365fef-44d3-1475-85b0-c9f7df84f4f2" executionId="7c1e2863-f04f-4166-a85f-bcfc998203b8" testListId="8c84fa94-04c1-424b-9868-57a2d4851a1d" />
    <TestEntry testId="fc1dfce3-7bfd-f639-2130-4a7d21485602" executionId="fef779b9-54da-4729-b082-cb7bbc790cfe" testListId="8c84fa94-04c1-424b-9868-57a2d4851a1d" />
    <TestEntry testId="fceb88fd-5b4e-5989-ef88-02850e25376d" executionId="8936bd11-fb0f-4912-addf-ce3664c7b209" testListId="8c84fa94-04c1-424b-9868-57a2d4851a1d" />
    <TestEntry testId="fd26dd54-e81f-34da-adad-2b8d4582f5ed" executionId="1f23c985-7892-44c4-ac8a-9989337cfff1" testListId="8c84fa94-04c1-424b-9868-57a2d4851a1d" />
  </TestEntries>
  <Results>
    <UnitTestResult executionId="346a8a0d-0b43-4fd0-844a-988b1d97e3a9" testId="4a5c8836-c779-c58e-ab98-5d033bc99b65" testName="LineConstructorTest" computerName="АНИ-ПК" duration="00:00:00.0938357" startTime="2016-04-12T14:05:07.8002286+03:00" endTime="2016-04-12T14:05:08.6142411+03:00" testType="13cdc9d9-ddb5-4fa4-a97d-d965ccfc6d4b" outcome="Passed" testListId="8c84fa94-04c1-424b-9868-57a2d4851a1d" relativeResultsDirectory="346a8a0d-0b43-4fd0-844a-988b1d97e3a9">
    </UnitTestResult>
    <UnitTestResult executionId="13f4796a-9cb3-4c5e-9b30-dfbb484ab66b" testId="5d31dc43-73a2-ae58-1068-419736485d2d" testName="YTest" computerName="АНИ-ПК" duration="00:00:00.0013703" startTime="2016-04-12T14:05:08.6362424+03:00" endTime="2016-04-12T14:05:08.6592437+03:00" testType="13cdc9d9-ddb5-4fa4-a97d-d965ccfc6d4b" outcome="Passed" testListId="8c84fa94-04c1-424b-9868-57a2d4851a1d" relativeResultsDirectory="13f4796a-9cb3-4c5e-9b30-dfbb484ab66b">
    </UnitTestResult>
    <UnitTestResult executionId="076de4fd-4887-45ab-a143-66e3a8bbbb4f" testId="67055ce4-0089-ffb8-0de5-eb188293cf42" testName="SegmentConstructorTest" computerName="АНИ-ПК" duration="00:00:00.0244043" startTime="2016-04-12T14:05:08.6992460+03:00" endTime="2016-04-12T14:05:08.7492489+03:00" testType="13cdc9d9-ddb5-4fa4-a97d-d965ccfc6d4b" outcome="Passed" testListId="8c84fa94-04c1-424b-9868-57a2d4851a1d" relativeResultsDirectory="076de4fd-4887-45ab-a143-66e3a8bbbb4f">
    </UnitTestResult>
    <UnitTestResult executionId="dd3cbfcd-77a8-473d-bcf5-bc7bfd7c1868" testId="91bd4190-bb55-34c3-7f5e-c1901d395e63" testName="getPointTest" computerName="АНИ-ПК" duration="00:00:00.0034898" startTime="2016-04-12T14:05:08.7822507+03:00" endTime="2016-04-12T14:05:08.7962515+03:00" testType="13cdc9d9-ddb5-4fa4-a97d-d965ccfc6d4b" outcome="Passed" testListId="8c84fa94-04c1-424b-9868-57a2d4851a1d" relativeResultsDirectory="dd3cbfcd-77a8-473d-bcf5-bc7bfd7c1868">
    </UnitTestResult>
    <UnitTestResult executionId="741e9ec2-5c39-4323-8112-c82db422daca" testId="a1659872-cbd7-cd83-5661-340ffd974e46" testName="XTest" computerName="АНИ-ПК" duration="00:00:00.0009236" startTime="2016-04-12T14:05:08.8152526+03:00" endTime="2016-04-12T14:05:08.8262533+03:00" testType="13cdc9d9-ddb5-4fa4-a97d-d965ccfc6d4b" outcome="Passed" testListId="8c84fa94-04c1-424b-9868-57a2d4851a1d" relativeResultsDirectory="741e9ec2-5c39-4323-8112-c82db422daca">
    </UnitTestResult>
    <UnitTestResult executionId="60546a00-0860-4bb6-8af4-576be0b79fff" testId="afc1b0d6-293b-332f-4927-fa53d0e03374" testName="getPointTest" computerName="АНИ-ПК" duration="00:00:00.0012734" startTime="2016-04-12T14:05:08.8342537+03:00" endTime="2016-04-12T14:05:08.8422542+03:00" testType="13cdc9d9-ddb5-4fa4-a97d-d965ccfc6d4b" outcome="Passed" testListId="8c84fa94-04c1-424b-9868-57a2d4851a1d" relativeResultsDirectory="60546a00-0860-4bb6-8af4-576be0b79fff">
    </UnitTestResult>
    <UnitTestResult executionId="2e2a63d4-718e-4658-8038-1ee463a64ce6" testId="b877574b-dc5c-4276-2dc9-555f6aaf4d4c" testName="CircleConstructorTest" computerName="АНИ-ПК" duration="00:00:00.0004778" startTime="2016-04-12T14:05:08.8522542+03:00" endTime="2016-04-12T14:05:08.8622542+03:00" testType="13cdc9d9-ddb5-4fa4-a97d-d965ccfc6d4b" outcome="Passed" testListId="8c84fa94-04c1-424b-9868-57a2d4851a1d" relativeResultsDirectory="2e2a63d4-718e-4658-8038-1ee463a64ce6">
    </UnitTestResult>
    <UnitTestResult executionId="eb06fbcb-0f13-4c7a-9026-e245fd464af7" testId="c32009c0-c625-3b69-6448-32a56c055af3" testName="FinTest" computerName="АНИ-ПК" duration="00:00:00.0028613" startTime="2016-04-12T14:05:08.8622542+03:00" endTime="2016-04-12T14:05:08.8822542+03:00" testType="13cdc9d9-ddb5-4fa4-a97d-d965ccfc6d4b" outcome="Passed" testListId="8c84fa94-04c1-424b-9868-57a2d4851a1d" relativeResultsDirectory="eb06fbcb-0f13-4c7a-9026-e245fd464af7">
    </UnitTestResult>
    <UnitTestResult executionId="5b0677f6-d864-4106-ba4a-c428cc699b2e" testId="d7c848a9-d807-cc75-fd1e-f6ed3321bc99" testName="getPointTest" computerName="АНИ-ПК" duration="00:00:00.0012389" startTime="2016-04-12T14:05:08.8922542+03:00" endTime="2016-04-12T14:05:08.9022548+03:00" testType="13cdc9d9-ddb5-4fa4-a97d-d965ccfc6d4b" outcome="Passed" testListId="8c84fa94-04c1-424b-9868-57a2d4851a1d" relativeResultsDirectory="5b0677f6-d864-4106-ba4a-c428cc699b2e">
    </UnitTestResult>
    <UnitTestResult executionId="571ebd78-cf5d-40b4-a39d-9864de587b4d" testId="db78a6c8-4a5e-8fb6-dfae-8fa7a5f766d2" testName="StTest" computerName="АНИ-ПК" duration="00:00:00.0010591" startTime="2016-04-12T14:05:08.9182557+03:00" endTime="2016-04-12T14:05:08.9262562+03:00" testType="13cdc9d9-ddb5-4fa4-a97d-d965ccfc6d4b" outcome="Passed" testListId="8c84fa94-04c1-424b-9868-57a2d4851a1d" relativeResultsDirectory="571ebd78-cf5d-40b4-a39d-9864de587b4d">
    </UnitTestResult>
    <UnitTestResult executionId="7c1e2863-f04f-4166-a85f-bcfc998203b8" testId="f0365fef-44d3-1475-85b0-c9f7df84f4f2" testName="CardioidConstructorTest" computerName="АНИ-ПК" duration="00:00:00.0013374" startTime="2016-04-12T14:05:08.9322565+03:00" endTime="2016-04-12T14:05:08.9412571+03:00" testType="13cdc9d9-ddb5-4fa4-a97d-d965ccfc6d4b" outcome="Passed" testListId="8c84fa94-04c1-424b-9868-57a2d4851a1d" relativeResultsDirectory="7c1e2863-f04f-4166-a85f-bcfc998203b8">
    </UnitTestResult>
    <UnitTestResult executionId="fef779b9-54da-4729-b082-cb7bbc790cfe" testId="fc1dfce3-7bfd-f639-2130-4a7d21485602" testName="getPointTest" computerName="АНИ-ПК" duration="00:00:00.0013194" startTime="2016-04-12T14:05:08.9452573+03:00" endTime="2016-04-12T14:05:08.9552579+03:00" testType="13cdc9d9-ddb5-4fa4-a97d-d965ccfc6d4b" outcome="Passed" testListId="8c84fa94-04c1-424b-9868-57a2d4851a1d" relativeResultsDirectory="fef779b9-54da-4729-b082-cb7bbc790cfe">
    </UnitTestResult>
    <UnitTestResult executionId="8936bd11-fb0f-4912-addf-ce3664c7b209" testId="fceb88fd-5b4e-5989-ef88-02850e25376d" testName="TestMethod1" computerName="АНИ-ПК" duration="00:00:00.0004560" startTime="2016-04-12T14:05:08.9562579+03:00" endTime="2016-04-12T14:05:08.9682586+03:00" testType="13cdc9d9-ddb5-4fa4-a97d-d965ccfc6d4b" outcome="Passed" testListId="8c84fa94-04c1-424b-9868-57a2d4851a1d" relativeResultsDirectory="8936bd11-fb0f-4912-addf-ce3664c7b209">
    </UnitTestResult>
    <UnitTestResult executionId="1f23c985-7892-44c4-ac8a-9989337cfff1" testId="fd26dd54-e81f-34da-adad-2b8d4582f5ed" testName="PointConstructorTest" computerName="АНИ-ПК" duration="00:00:00.0005131" startTime="2016-04-12T14:05:08.9842595+03:00" endTime="2016-04-12T14:05:08.9972603+03:00" testType="13cdc9d9-ddb5-4fa4-a97d-d965ccfc6d4b" outcome="Passed" testListId="8c84fa94-04c1-424b-9868-57a2d4851a1d" relativeResultsDirectory="1f23c985-7892-44c4-ac8a-9989337cfff1">
    </UnitTestResult>
  </Results>
</TestRun>