<?xml version="1.0" encoding="UTF-8"?>
<TestRun id="ad4c23e9-f885-4786-b716-053c91e0260c" name="Ани@АНИ-ПК 2016-04-12 13:53:56" runUser="Ани-ПК\Ани" xmlns="http://microsoft.com/schemas/VisualStudio/TeamTest/2010">
  <TestSettings name="Локальные" id="d1bd6848-d196-41b9-bf40-81a18eedd149">
    <Description>Это - параметры по умолчанию для локального тестового запуска.</Description>
    <Deployment enabled="false" runDeploymentRoot="Ани_АНИ-ПК 2016-04-12 13_53_56">
      <DeploymentItem filename="c:\users\ани\documents\visual studio 2010\Projects\GMESH\Geometry\bin\Debug\Geometry.dll" />
    </Deployment>
    <Execution>
      <TestTypeSpecific />
      <AgentRule name="Execution Agents">
      </AgentRule>
    </Execution>
  </TestSettings>
  <Times creation="2016-04-12T13:53:56.4027650+03:00" queuing="2016-04-12T13:53:56.5157715+03:00" start="2016-04-12T13:53:56.5387728+03:00" finish="2016-04-12T13:53:57.2678145+03:00" />
  <ResultSummary outcome="Failed">
    <Counters total="1" executed="1" error="0" failed="1" timeout="0" aborted="0" inconclusive="0" passedButRunAborted="0" notRunnable="0" notExecuted="0" disconnected="0" warning="0" passed="0" completed="0" inProgress="0" pending="0" />
  </ResultSummary>
  <TestDefinitions>
    <UnitTest name="StTest" storage="c:\users\ани\documents\visual studio 2010\projects\gmesh\testofgeometry\bin\debug\testofgeometry.dll" id="db78a6c8-4a5e-8fb6-dfae-8fa7a5f766d2">
      <Execution id="94d81872-385b-4c54-b093-a65e23351894" />
      <TestMethod codeBase="c:/users/ани/documents/visual studio 2010/Projects/GMESH/TestOfGeometry/bin/Debug/TestOfGeometry.DLL" adapterTypeName="Microsoft.VisualStudio.TestTools.TestTypes.Unit.UnitTestAdapter, Microsoft.VisualStudio.QualityTools.Tips.UnitTest.Adapter, Version=10.0.0.0, Culture=neutral, PublicKeyToken=b03f5f7f11d50a3a" className="TestOfGeometry.SegmentTest, TestOfGeometry, Version=1.0.0.0, Culture=neutral, PublicKeyToken=null" name="StTest" />
    </UnitTest>
  </TestDefinitions>
  <TestLists>
    <TestList name="Отсутствующие в списке результаты" id="8c84fa94-04c1-424b-9868-57a2d4851a1d" />
    <TestList name="Все загруженные результаты" id="19431567-8539-422a-85d7-44ee4e166bda" />
  </TestLists>
  <TestEntries>
    <TestEntry testId="db78a6c8-4a5e-8fb6-dfae-8fa7a5f766d2" executionId="94d81872-385b-4c54-b093-a65e23351894" testListId="8c84fa94-04c1-424b-9868-57a2d4851a1d" />
  </TestEntries>
  <Results>
    <UnitTestResult executionId="94d81872-385b-4c54-b093-a65e23351894" testId="db78a6c8-4a5e-8fb6-dfae-8fa7a5f766d2" testName="StTest" computerName="АНИ-ПК" duration="00:00:00.0965997" startTime="2016-04-12T13:53:56.5617741+03:00" endTime="2016-04-12T13:53:57.2368127+03:00" testType="13cdc9d9-ddb5-4fa4-a97d-d965ccfc6d4b" outcome="Failed" testListId="8c84fa94-04c1-424b-9868-57a2d4851a1d" relativeResultsDirectory="94d81872-385b-4c54-b093-a65e23351894">
      <Output>
        <ErrorInfo>
          <Message>Метод проверки TestOfGeometry.SegmentTest.StTest выдал исключение: System.NullReferenceException: Ссылка на объект не указывает на экземпляр объекта..</Message>
          <StackTrace>    в Geometry.Segment..ctor(IPoint st, IPoint fin) в c:\users\ани\documents\visual studio 2010\Projects\GMESH\Geometry\Segment.cs:строка 17
   в TestOfGeometry.SegmentTest.StTest() в c:\users\ани\documents\visual studio 2010\Projects\GMESH\TestOfGeometry\SegmentTest.cs:строка 75
</StackTrace>
        </ErrorInfo>
      </Output>
    </UnitTestResult>
  </Results>
</TestRun>