<?xml version="1.0" encoding="UTF-8"?>
<TestRun id="bd49f57b-4b43-48ac-ba54-a035393737a4" name="Ани@АНИ-ПК 2016-04-12 14:09:46" runUser="Ани-ПК\Ани" xmlns="http://microsoft.com/schemas/VisualStudio/TeamTest/2010">
  <TestSettings name="Локальные" id="d1bd6848-d196-41b9-bf40-81a18eedd149">
    <Description>Это - параметры по умолчанию для локального тестового запуска.</Description>
    <Deployment enabled="false" runDeploymentRoot="Ани_АНИ-ПК 2016-04-12 14_09_46">
      <DeploymentItem filename="C:\Users\Ани\Desktop\GMESH\Geometry\bin\Debug\Geometry.dll" />
    </Deployment>
    <Execution>
      <TestTypeSpecific />
      <AgentRule name="Execution Agents">
      </AgentRule>
    </Execution>
  </TestSettings>
  <Times creation="2016-04-12T14:09:46.1288976+03:00" queuing="2016-04-12T14:09:51.8852268+03:00" start="2016-04-12T14:09:51.9302294+03:00" finish="2016-04-12T14:09:52.8242711+03:00" />
  <ResultSummary outcome="Completed">
    <Counters total="1" executed="1" passed="1" error="0" failed="0" timeout="0" aborted="0" inconclusive="0" passedButRunAborted="0" notRunnable="0" notExecuted="0" disconnected="0" warning="0" completed="0" inProgress="0" pending="0" />
  </ResultSummary>
  <TestDefinitions>
    <UnitTest name="BezierConstructorTest" storage="c:\users\ани\desktop\gmesh\testofgeometry\bin\debug\testofgeometry.dll" id="c1e5e101-1e10-defe-a54f-b8dd40d80f6c">
      <Execution id="b252b8ce-10e7-45c1-84cd-fd4f9c243a52" />
      <TestMethod codeBase="C:/Users/Ани/Desktop/GMESH/TestOfGeometry/bin/Debug/TestOfGeometry.DLL" adapterTypeName="Microsoft.VisualStudio.TestTools.TestTypes.Unit.UnitTestAdapter, Microsoft.VisualStudio.QualityTools.Tips.UnitTest.Adapter, Version=10.0.0.0, Culture=neutral, PublicKeyToken=b03f5f7f11d50a3a" className="TestOfGeometry.BezierTest, TestOfGeometry, Version=1.0.0.0, Culture=neutral, PublicKeyToken=null" name="BezierConstructorTest" />
    </UnitTest>
  </TestDefinitions>
  <TestLists>
    <TestList name="Отсутствующие в списке результаты" id="8c84fa94-04c1-424b-9868-57a2d4851a1d" />
    <TestList name="Все загруженные результаты" id="19431567-8539-422a-85d7-44ee4e166bda" />
  </TestLists>
  <TestEntries>
    <TestEntry testId="c1e5e101-1e10-defe-a54f-b8dd40d80f6c" executionId="b252b8ce-10e7-45c1-84cd-fd4f9c243a52" testListId="8c84fa94-04c1-424b-9868-57a2d4851a1d" />
  </TestEntries>
  <Results>
    <UnitTestResult executionId="b252b8ce-10e7-45c1-84cd-fd4f9c243a52" testId="c1e5e101-1e10-defe-a54f-b8dd40d80f6c" testName="BezierConstructorTest" computerName="АНИ-ПК" duration="00:00:00.0483202" startTime="2016-04-12T14:09:52.0222347+03:00" endTime="2016-04-12T14:09:52.7242709+03:00" testType="13cdc9d9-ddb5-4fa4-a97d-d965ccfc6d4b" outcome="Passed" testListId="8c84fa94-04c1-424b-9868-57a2d4851a1d" relativeResultsDirectory="b252b8ce-10e7-45c1-84cd-fd4f9c243a52">
    </UnitTestResult>
  </Results>
</TestRun>