<?xml version="1.0" encoding="UTF-8"?>
<TestRun id="3fe84759-6a22-404e-942e-8d9b2cbde37c" name="Ани@АНИ-ПК 2016-04-12 13:56:13" runUser="Ани-ПК\Ани" xmlns="http://microsoft.com/schemas/VisualStudio/TeamTest/2010">
  <TestSettings name="Локальные" id="d1bd6848-d196-41b9-bf40-81a18eedd149">
    <Description>Это - параметры по умолчанию для локального тестового запуска.</Description>
    <Deployment enabled="false" runDeploymentRoot="Ани_АНИ-ПК 2016-04-12 13_56_13">
      <DeploymentItem filename="c:\users\ани\documents\visual studio 2010\Projects\GMESH\Geometry\bin\Debug\Geometry.dll" />
    </Deployment>
    <Execution>
      <TestTypeSpecific />
      <AgentRule name="Execution Agents">
      </AgentRule>
    </Execution>
  </TestSettings>
  <Times creation="2016-04-12T13:56:13.5655626+03:00" queuing="2016-04-12T13:56:13.7455629+03:00" start="2016-04-12T13:56:13.7955629+03:00" finish="2016-04-12T13:56:14.5755640+03:00" />
  <ResultSummary outcome="Completed">
    <Counters total="1" executed="1" passed="1" error="0" failed="0" timeout="0" aborted="0" inconclusive="0" passedButRunAborted="0" notRunnable="0" notExecuted="0" disconnected="0" warning="0" completed="0" inProgress="0" pending="0" />
  </ResultSummary>
  <TestDefinitions>
    <UnitTest name="getPointTest" storage="c:\users\ани\documents\visual studio 2010\projects\gmesh\testofgeometry\bin\debug\testofgeometry.dll" id="fc1dfce3-7bfd-f639-2130-4a7d21485602">
      <Execution id="5351adce-1865-49d7-ab57-98b868a56eaf" />
      <TestMethod codeBase="c:/users/ани/documents/visual studio 2010/Projects/GMESH/TestOfGeometry/bin/Debug/TestOfGeometry.DLL" adapterTypeName="Microsoft.VisualStudio.TestTools.TestTypes.Unit.UnitTestAdapter, Microsoft.VisualStudio.QualityTools.Tips.UnitTest.Adapter, Version=10.0.0.0, Culture=neutral, PublicKeyToken=b03f5f7f11d50a3a" className="TestOfGeometry.CardioidTest, TestOfGeometry, Version=1.0.0.0, Culture=neutral, PublicKeyToken=null" name="getPointTest" />
    </UnitTest>
  </TestDefinitions>
  <TestLists>
    <TestList name="Отсутствующие в списке результаты" id="8c84fa94-04c1-424b-9868-57a2d4851a1d" />
    <TestList name="Все загруженные результаты" id="19431567-8539-422a-85d7-44ee4e166bda" />
  </TestLists>
  <TestEntries>
    <TestEntry testId="fc1dfce3-7bfd-f639-2130-4a7d21485602" executionId="5351adce-1865-49d7-ab57-98b868a56eaf" testListId="8c84fa94-04c1-424b-9868-57a2d4851a1d" />
  </TestEntries>
  <Results>
    <UnitTestResult executionId="5351adce-1865-49d7-ab57-98b868a56eaf" testId="fc1dfce3-7bfd-f639-2130-4a7d21485602" testName="getPointTest" computerName="АНИ-ПК" duration="00:00:00.0403113" startTime="2016-04-12T13:56:13.8055629+03:00" endTime="2016-04-12T13:56:14.5355640+03:00" testType="13cdc9d9-ddb5-4fa4-a97d-d965ccfc6d4b" outcome="Passed" testListId="8c84fa94-04c1-424b-9868-57a2d4851a1d" relativeResultsDirectory="5351adce-1865-49d7-ab57-98b868a56eaf">
    </UnitTestResult>
  </Results>
</TestRun>