<?xml version="1.0" encoding="UTF-8"?>
<TestRun id="5ddbc43e-352e-4466-b74d-f600fc902a99" name="Ани@АНИ-ПК 2016-04-12 14:09:29" runUser="Ани-ПК\Ани" xmlns="http://microsoft.com/schemas/VisualStudio/TeamTest/2010">
  <TestSettings name="Локальные" id="d1bd6848-d196-41b9-bf40-81a18eedd149">
    <Description>Это - параметры по умолчанию для локального тестового запуска.</Description>
    <Deployment enabled="false" runDeploymentRoot="Ани_АНИ-ПК 2016-04-12 14_09_29">
      <DeploymentItem filename="C:\Users\Ани\Desktop\GMESH\Geometry\bin\Debug\Geometry.dll" />
    </Deployment>
    <Execution>
      <TestTypeSpecific />
      <AgentRule name="Execution Agents">
      </AgentRule>
    </Execution>
  </TestSettings>
  <Times creation="2016-04-12T14:09:29.6885688+03:00" queuing="2016-04-12T14:09:29.7965750+03:00" start="2016-04-12T14:09:29.8515781+03:00" finish="2016-04-12T14:09:30.7586300+03:00" />
  <ResultSummary outcome="Inconclusive">
    <Counters total="1" executed="1" error="0" failed="0" timeout="0" aborted="0" inconclusive="1" passedButRunAborted="0" notRunnable="0" notExecuted="0" disconnected="0" warning="0" passed="0" completed="0" inProgress="0" pending="0" />
  </ResultSummary>
  <TestDefinitions>
    <UnitTest name="BezierConstructorTest" storage="c:\users\ани\desktop\gmesh\testofgeometry\bin\debug\testofgeometry.dll" id="c1e5e101-1e10-defe-a54f-b8dd40d80f6c">
      <Execution id="35953cb9-3274-4867-bce3-bf6cbabfdfae" />
      <TestMethod codeBase="C:/Users/Ани/Desktop/GMESH/TestOfGeometry/bin/Debug/TestOfGeometry.DLL" adapterTypeName="Microsoft.VisualStudio.TestTools.TestTypes.Unit.UnitTestAdapter, Microsoft.VisualStudio.QualityTools.Tips.UnitTest.Adapter, Version=10.0.0.0, Culture=neutral, PublicKeyToken=b03f5f7f11d50a3a" className="TestOfGeometry.BezierTest, TestOfGeometry, Version=1.0.0.0, Culture=neutral, PublicKeyToken=null" name="BezierConstructorTest" />
    </UnitTest>
  </TestDefinitions>
  <TestLists>
    <TestList name="Отсутствующие в списке результаты" id="8c84fa94-04c1-424b-9868-57a2d4851a1d" />
    <TestList name="Все загруженные результаты" id="19431567-8539-422a-85d7-44ee4e166bda" />
  </TestLists>
  <TestEntries>
    <TestEntry testId="c1e5e101-1e10-defe-a54f-b8dd40d80f6c" executionId="35953cb9-3274-4867-bce3-bf6cbabfdfae" testListId="8c84fa94-04c1-424b-9868-57a2d4851a1d" />
  </TestEntries>
  <Results>
    <UnitTestResult executionId="35953cb9-3274-4867-bce3-bf6cbabfdfae" testId="c1e5e101-1e10-defe-a54f-b8dd40d80f6c" testName="BezierConstructorTest" computerName="АНИ-ПК" duration="00:00:00.0656873" startTime="2016-04-12T14:09:29.9715850+03:00" endTime="2016-04-12T14:09:30.7216279+03:00" testType="13cdc9d9-ddb5-4fa4-a97d-d965ccfc6d4b" outcome="Inconclusive" testListId="8c84fa94-04c1-424b-9868-57a2d4851a1d" relativeResultsDirectory="35953cb9-3274-4867-bce3-bf6cbabfdfae">
      <Output>
        <ErrorInfo>
          <Message>Ошибка в Assert.Inconclusive. TODO: реализуйте код для проверки целевого объекта</Message>
          <StackTrace>   в TestOfGeometry.BezierTest.BezierConstructorTest() в C:\Users\Ани\Desktop\GMESH\TestOfGeometry\BezierTest.cs:строка 100
</StackTrace>
        </ErrorInfo>
      </Output>
    </UnitTestResult>
  </Results>
</TestRun>