<?xml version="1.0" encoding="UTF-8"?>
<TestRun id="03a386ab-3b60-4da2-9ed5-824b575b9101" name="Ани@АНИ-ПК 2016-04-12 13:45:14" runUser="Ани-ПК\Ани" xmlns="http://microsoft.com/schemas/VisualStudio/TeamTest/2010">
  <TestSettings name="Локальные" id="d1bd6848-d196-41b9-bf40-81a18eedd149">
    <Description>Это - параметры по умолчанию для локального тестового запуска.</Description>
    <Deployment enabled="false" runDeploymentRoot="Ани_АНИ-ПК 2016-04-12 13_45_14">
      <DeploymentItem filename="c:\users\ани\documents\visual studio 2010\Projects\GMESH\Geometry\bin\Debug\Geometry.dll" />
    </Deployment>
    <Execution>
      <TestTypeSpecific />
      <AgentRule name="Execution Agents">
      </AgentRule>
    </Execution>
  </TestSettings>
  <Times creation="2016-04-12T13:45:14.1916485+03:00" queuing="2016-04-12T13:45:14.2976546+03:00" start="2016-04-12T13:45:14.3286563+03:00" finish="2016-04-12T13:45:15.1357025+03:00" />
  <ResultSummary outcome="Failed">
    <Counters total="1" executed="1" error="0" failed="1" timeout="0" aborted="0" inconclusive="0" passedButRunAborted="0" notRunnable="0" notExecuted="0" disconnected="0" warning="0" passed="0" completed="0" inProgress="0" pending="0" />
  </ResultSummary>
  <TestDefinitions>
    <UnitTest name="getPointTest" storage="c:\users\ани\documents\visual studio 2010\projects\gmesh\testofgeometry\bin\debug\testofgeometry.dll" id="afc1b0d6-293b-332f-4927-fa53d0e03374">
      <Execution id="07b2dd22-f2aa-43e2-8e14-9830f69379cb" />
      <TestMethod codeBase="c:/users/ани/documents/visual studio 2010/Projects/GMESH/TestOfGeometry/bin/Debug/TestOfGeometry.DLL" adapterTypeName="Microsoft.VisualStudio.TestTools.TestTypes.Unit.UnitTestAdapter, Microsoft.VisualStudio.QualityTools.Tips.UnitTest.Adapter, Version=10.0.0.0, Culture=neutral, PublicKeyToken=b03f5f7f11d50a3a" className="TestOfGeometry.LineTest, TestOfGeometry, Version=1.0.0.0, Culture=neutral, PublicKeyToken=null" name="getPointTest" />
    </UnitTest>
  </TestDefinitions>
  <TestLists>
    <TestList name="Отсутствующие в списке результаты" id="8c84fa94-04c1-424b-9868-57a2d4851a1d" />
    <TestList name="Все загруженные результаты" id="19431567-8539-422a-85d7-44ee4e166bda" />
  </TestLists>
  <TestEntries>
    <TestEntry testId="afc1b0d6-293b-332f-4927-fa53d0e03374" executionId="07b2dd22-f2aa-43e2-8e14-9830f69379cb" testListId="8c84fa94-04c1-424b-9868-57a2d4851a1d" />
  </TestEntries>
  <Results>
    <UnitTestResult executionId="07b2dd22-f2aa-43e2-8e14-9830f69379cb" testId="afc1b0d6-293b-332f-4927-fa53d0e03374" testName="getPointTest" computerName="АНИ-ПК" duration="00:00:00.0850698" startTime="2016-04-12T13:45:14.3446572+03:00" endTime="2016-04-12T13:45:15.1087009+03:00" testType="13cdc9d9-ddb5-4fa4-a97d-d965ccfc6d4b" outcome="Failed" testListId="8c84fa94-04c1-424b-9868-57a2d4851a1d" relativeResultsDirectory="07b2dd22-f2aa-43e2-8e14-9830f69379cb">
      <Output>
        <ErrorInfo>
          <Message>Метод проверки TestOfGeometry.LineTest.getPointTest выдал исключение: System.NullReferenceException: Ссылка на объект не указывает на экземпляр объекта..</Message>
          <StackTrace>    в Geometry.Line..ctor(IPoint L1, IPoint L2) в c:\users\ани\documents\visual studio 2010\Projects\GMESH\Geometry\Line.cs:строка 16
   в TestOfGeometry.LineTest.getPointTest() в c:\users\ани\documents\visual studio 2010\Projects\GMESH\TestOfGeometry\LineTest.cs:строка 75
</StackTrace>
        </ErrorInfo>
      </Output>
    </UnitTestResult>
  </Results>
</TestRun>