<?xml version="1.0" encoding="UTF-8"?>
<TestRun id="83203318-937d-4aee-a06a-0f1214fab1bc" name="Ани@АНИ-ПК 2016-04-12 13:45:31" runUser="Ани-ПК\Ани" xmlns="http://microsoft.com/schemas/VisualStudio/TeamTest/2010">
  <TestSettings name="Локальные" id="d1bd6848-d196-41b9-bf40-81a18eedd149">
    <Description>Это - параметры по умолчанию для локального тестового запуска.</Description>
    <Deployment enabled="false" runDeploymentRoot="Ани_АНИ-ПК 2016-04-12 13_45_31">
      <DeploymentItem filename="c:\users\ани\documents\visual studio 2010\Projects\GMESH\Geometry\bin\Debug\Geometry.dll" />
    </Deployment>
    <Execution>
      <TestTypeSpecific />
      <AgentRule name="Execution Agents">
      </AgentRule>
    </Execution>
  </TestSettings>
  <Times creation="2016-04-12T13:45:31.7610720+03:00" queuing="2016-04-12T13:45:31.8650780+03:00" start="2016-04-12T13:45:31.9050802+03:00" finish="2016-04-12T13:45:32.7461272+03:00" />
  <ResultSummary outcome="Failed">
    <Counters total="6" executed="6" passed="4" error="0" failed="2" timeout="0" aborted="0" inconclusive="0" passedButRunAborted="0" notRunnable="0" notExecuted="0" disconnected="0" warning="0" completed="0" inProgress="0" pending="0" />
  </ResultSummary>
  <TestDefinitions>
    <UnitTest name="XTest" storage="c:\users\ани\documents\visual studio 2010\projects\gmesh\testofgeometry\bin\debug\testofgeometry.dll" id="a1659872-cbd7-cd83-5661-340ffd974e46">
      <Execution id="0e09a7b6-b87c-4a5c-9b54-243bd9dda44c" />
      <TestMethod codeBase="c:/users/ани/documents/visual studio 2010/Projects/GMESH/TestOfGeometry/bin/Debug/TestOfGeometry.DLL" adapterTypeName="Microsoft.VisualStudio.TestTools.TestTypes.Unit.UnitTestAdapter, Microsoft.VisualStudio.QualityTools.Tips.UnitTest.Adapter, Version=10.0.0.0, Culture=neutral, PublicKeyToken=b03f5f7f11d50a3a" className="TestOfGeometry.PointTest, TestOfGeometry, Version=1.0.0.0, Culture=neutral, PublicKeyToken=null" name="XTest" />
    </UnitTest>
    <UnitTest name="TestMethod1" storage="c:\users\ани\documents\visual studio 2010\projects\gmesh\testofgeometry\bin\debug\testofgeometry.dll" id="fceb88fd-5b4e-5989-ef88-02850e25376d">
      <Execution id="0dd603e6-4232-4423-8a9b-4ffa1654380a" />
      <TestMethod codeBase="c:/users/ани/documents/visual studio 2010/Projects/GMESH/TestOfGeometry/bin/Debug/TestOfGeometry.DLL" adapterTypeName="Microsoft.VisualStudio.TestTools.TestTypes.Unit.UnitTestAdapter, Microsoft.VisualStudio.QualityTools.Tips.UnitTest.Adapter, Version=10.0.0.0, Culture=neutral, PublicKeyToken=b03f5f7f11d50a3a" className="TestOfGeometry.UnitTest1, TestOfGeometry, Version=1.0.0.0, Culture=neutral, PublicKeyToken=null" name="TestMethod1" />
    </UnitTest>
    <UnitTest name="PointConstructorTest" storage="c:\users\ани\documents\visual studio 2010\projects\gmesh\testofgeometry\bin\debug\testofgeometry.dll" id="fd26dd54-e81f-34da-adad-2b8d4582f5ed">
      <Execution id="db197e39-8955-4a26-aa85-58acd25f0ad9" />
      <TestMethod codeBase="c:/users/ани/documents/visual studio 2010/Projects/GMESH/TestOfGeometry/bin/Debug/TestOfGeometry.DLL" adapterTypeName="Microsoft.VisualStudio.TestTools.TestTypes.Unit.UnitTestAdapter, Microsoft.VisualStudio.QualityTools.Tips.UnitTest.Adapter, Version=10.0.0.0, Culture=neutral, PublicKeyToken=b03f5f7f11d50a3a" className="TestOfGeometry.PointTest, TestOfGeometry, Version=1.0.0.0, Culture=neutral, PublicKeyToken=null" name="PointConstructorTest" />
    </UnitTest>
    <UnitTest name="LineConstructorTest" storage="c:\users\ани\documents\visual studio 2010\projects\gmesh\testofgeometry\bin\debug\testofgeometry.dll" id="4a5c8836-c779-c58e-ab98-5d033bc99b65">
      <Execution id="4bfe8dbc-afaf-4861-a70c-1582e6a8ea52" />
      <TestMethod codeBase="c:/users/ани/documents/visual studio 2010/Projects/GMESH/TestOfGeometry/bin/Debug/TestOfGeometry.DLL" adapterTypeName="Microsoft.VisualStudio.TestTools.TestTypes.Unit.UnitTestAdapter, Microsoft.VisualStudio.QualityTools.Tips.UnitTest.Adapter, Version=10.0.0.0, Culture=neutral, PublicKeyToken=b03f5f7f11d50a3a" className="TestOfGeometry.LineTest, TestOfGeometry, Version=1.0.0.0, Culture=neutral, PublicKeyToken=null" name="LineConstructorTest" />
    </UnitTest>
    <UnitTest name="YTest" storage="c:\users\ани\documents\visual studio 2010\projects\gmesh\testofgeometry\bin\debug\testofgeometry.dll" id="5d31dc43-73a2-ae58-1068-419736485d2d">
      <Execution id="2e18c5cc-346e-43fe-af4b-9458ae8ee9da" />
      <TestMethod codeBase="c:/users/ани/documents/visual studio 2010/Projects/GMESH/TestOfGeometry/bin/Debug/TestOfGeometry.DLL" adapterTypeName="Microsoft.VisualStudio.TestTools.TestTypes.Unit.UnitTestAdapter, Microsoft.VisualStudio.QualityTools.Tips.UnitTest.Adapter, Version=10.0.0.0, Culture=neutral, PublicKeyToken=b03f5f7f11d50a3a" className="TestOfGeometry.PointTest, TestOfGeometry, Version=1.0.0.0, Culture=neutral, PublicKeyToken=null" name="YTest" />
    </UnitTest>
    <UnitTest name="getPointTest" storage="c:\users\ани\documents\visual studio 2010\projects\gmesh\testofgeometry\bin\debug\testofgeometry.dll" id="afc1b0d6-293b-332f-4927-fa53d0e03374">
      <Execution id="9ada2acc-bd2e-4c1a-93fb-178008ee02c4" />
      <TestMethod codeBase="c:/users/ани/documents/visual studio 2010/Projects/GMESH/TestOfGeometry/bin/Debug/TestOfGeometry.DLL" adapterTypeName="Microsoft.VisualStudio.TestTools.TestTypes.Unit.UnitTestAdapter, Microsoft.VisualStudio.QualityTools.Tips.UnitTest.Adapter, Version=10.0.0.0, Culture=neutral, PublicKeyToken=b03f5f7f11d50a3a" className="TestOfGeometry.LineTest, TestOfGeometry, Version=1.0.0.0, Culture=neutral, PublicKeyToken=null" name="getPointTest" />
    </UnitTest>
  </TestDefinitions>
  <TestLists>
    <TestList name="Отсутствующие в списке результаты" id="8c84fa94-04c1-424b-9868-57a2d4851a1d" />
    <TestList name="Все загруженные результаты" id="19431567-8539-422a-85d7-44ee4e166bda" />
  </TestLists>
  <TestEntries>
    <TestEntry testId="4a5c8836-c779-c58e-ab98-5d033bc99b65" executionId="4bfe8dbc-afaf-4861-a70c-1582e6a8ea52" testListId="8c84fa94-04c1-424b-9868-57a2d4851a1d" />
    <TestEntry testId="5d31dc43-73a2-ae58-1068-419736485d2d" executionId="2e18c5cc-346e-43fe-af4b-9458ae8ee9da" testListId="8c84fa94-04c1-424b-9868-57a2d4851a1d" />
    <TestEntry testId="a1659872-cbd7-cd83-5661-340ffd974e46" executionId="0e09a7b6-b87c-4a5c-9b54-243bd9dda44c" testListId="8c84fa94-04c1-424b-9868-57a2d4851a1d" />
    <TestEntry testId="afc1b0d6-293b-332f-4927-fa53d0e03374" executionId="9ada2acc-bd2e-4c1a-93fb-178008ee02c4" testListId="8c84fa94-04c1-424b-9868-57a2d4851a1d" />
    <TestEntry testId="fceb88fd-5b4e-5989-ef88-02850e25376d" executionId="0dd603e6-4232-4423-8a9b-4ffa1654380a" testListId="8c84fa94-04c1-424b-9868-57a2d4851a1d" />
    <TestEntry testId="fd26dd54-e81f-34da-adad-2b8d4582f5ed" executionId="db197e39-8955-4a26-aa85-58acd25f0ad9" testListId="8c84fa94-04c1-424b-9868-57a2d4851a1d" />
  </TestEntries>
  <Results>
    <UnitTestResult executionId="4bfe8dbc-afaf-4861-a70c-1582e6a8ea52" testId="4a5c8836-c779-c58e-ab98-5d033bc99b65" testName="LineConstructorTest" computerName="АНИ-ПК" duration="00:00:00.0993067" startTime="2016-04-12T13:45:31.9230813+03:00" endTime="2016-04-12T13:45:32.6451226+03:00" testType="13cdc9d9-ddb5-4fa4-a97d-d965ccfc6d4b" outcome="Failed" testListId="8c84fa94-04c1-424b-9868-57a2d4851a1d" relativeResultsDirectory="4bfe8dbc-afaf-4861-a70c-1582e6a8ea52">
      <Output>
        <ErrorInfo>
          <Message>Метод проверки TestOfGeometry.LineTest.LineConstructorTest выдал исключение: System.NullReferenceException: Ссылка на объект не указывает на экземпляр объекта..</Message>
          <StackTrace>    в Geometry.Line..ctor(IPoint L1, IPoint L2) в c:\users\ани\documents\visual studio 2010\Projects\GMESH\Geometry\Line.cs:строка 16
   в TestOfGeometry.LineTest.LineConstructorTest() в c:\users\ани\documents\visual studio 2010\Projects\GMESH\TestOfGeometry\LineTest.cs:строка 95
</StackTrace>
        </ErrorInfo>
      </Output>
    </UnitTestResult>
    <UnitTestResult executionId="2e18c5cc-346e-43fe-af4b-9458ae8ee9da" testId="5d31dc43-73a2-ae58-1068-419736485d2d" testName="YTest" computerName="АНИ-ПК" duration="00:00:00.0014565" startTime="2016-04-12T13:45:32.6501229+03:00" endTime="2016-04-12T13:45:32.6581233+03:00" testType="13cdc9d9-ddb5-4fa4-a97d-d965ccfc6d4b" outcome="Passed" testListId="8c84fa94-04c1-424b-9868-57a2d4851a1d" relativeResultsDirectory="2e18c5cc-346e-43fe-af4b-9458ae8ee9da">
    </UnitTestResult>
    <UnitTestResult executionId="0e09a7b6-b87c-4a5c-9b54-243bd9dda44c" testId="a1659872-cbd7-cd83-5661-340ffd974e46" testName="XTest" computerName="АНИ-ПК" duration="00:00:00.0007935" startTime="2016-04-12T13:45:32.6631236+03:00" endTime="2016-04-12T13:45:32.6701240+03:00" testType="13cdc9d9-ddb5-4fa4-a97d-d965ccfc6d4b" outcome="Passed" testListId="8c84fa94-04c1-424b-9868-57a2d4851a1d" relativeResultsDirectory="0e09a7b6-b87c-4a5c-9b54-243bd9dda44c">
    </UnitTestResult>
    <UnitTestResult executionId="9ada2acc-bd2e-4c1a-93fb-178008ee02c4" testId="afc1b0d6-293b-332f-4927-fa53d0e03374" testName="getPointTest" computerName="АНИ-ПК" duration="00:00:00.0065728" startTime="2016-04-12T13:45:32.6731242+03:00" endTime="2016-04-12T13:45:32.6861249+03:00" testType="13cdc9d9-ddb5-4fa4-a97d-d965ccfc6d4b" outcome="Failed" testListId="8c84fa94-04c1-424b-9868-57a2d4851a1d" relativeResultsDirectory="9ada2acc-bd2e-4c1a-93fb-178008ee02c4">
      <Output>
        <ErrorInfo>
          <Message>Метод проверки TestOfGeometry.LineTest.getPointTest выдал исключение: System.NullReferenceException: Ссылка на объект не указывает на экземпляр объекта..</Message>
          <StackTrace>    в Geometry.Line..ctor(IPoint L1, IPoint L2) в c:\users\ани\documents\visual studio 2010\Projects\GMESH\Geometry\Line.cs:строка 16
   в TestOfGeometry.LineTest.getPointTest() в c:\users\ани\documents\visual studio 2010\Projects\GMESH\TestOfGeometry\LineTest.cs:строка 75
</StackTrace>
        </ErrorInfo>
      </Output>
    </UnitTestResult>
    <UnitTestResult executionId="0dd603e6-4232-4423-8a9b-4ffa1654380a" testId="fceb88fd-5b4e-5989-ef88-02850e25376d" testName="TestMethod1" computerName="АНИ-ПК" duration="00:00:00.0004101" startTime="2016-04-12T13:45:32.6881250+03:00" endTime="2016-04-12T13:45:32.6941254+03:00" testType="13cdc9d9-ddb5-4fa4-a97d-d965ccfc6d4b" outcome="Passed" testListId="8c84fa94-04c1-424b-9868-57a2d4851a1d" relativeResultsDirectory="0dd603e6-4232-4423-8a9b-4ffa1654380a">
    </UnitTestResult>
    <UnitTestResult executionId="db197e39-8955-4a26-aa85-58acd25f0ad9" testId="fd26dd54-e81f-34da-adad-2b8d4582f5ed" testName="PointConstructorTest" computerName="АНИ-ПК" duration="00:00:00.0003661" startTime="2016-04-12T13:45:32.6991257+03:00" endTime="2016-04-12T13:45:32.7051260+03:00" testType="13cdc9d9-ddb5-4fa4-a97d-d965ccfc6d4b" outcome="Passed" testListId="8c84fa94-04c1-424b-9868-57a2d4851a1d" relativeResultsDirectory="db197e39-8955-4a26-aa85-58acd25f0ad9">
    </UnitTestResult>
  </Results>
</TestRun>