<?xml version="1.0" encoding="UTF-8"?>
<TestRun id="151112d8-b7c5-4c21-a2a2-a331e9f1bfb9" name="Ани@АНИ-ПК 2016-04-12 13:54:42" runUser="Ани-ПК\Ани" xmlns="http://microsoft.com/schemas/VisualStudio/TeamTest/2010">
  <TestSettings name="Локальные" id="d1bd6848-d196-41b9-bf40-81a18eedd149">
    <Description>Это - параметры по умолчанию для локального тестового запуска.</Description>
    <Deployment enabled="false" runDeploymentRoot="Ани_АНИ-ПК 2016-04-12 13_54_42">
      <DeploymentItem filename="c:\users\ани\documents\visual studio 2010\Projects\GMESH\Geometry\bin\Debug\Geometry.dll" />
    </Deployment>
    <Execution>
      <TestTypeSpecific />
      <AgentRule name="Execution Agents">
      </AgentRule>
    </Execution>
  </TestSettings>
  <Times creation="2016-04-12T13:54:42.3971845+03:00" queuing="2016-04-12T13:54:42.5071847+03:00" start="2016-04-12T13:54:42.6371849+03:00" finish="2016-04-12T13:54:43.3571859+03:00" />
  <ResultSummary outcome="Completed">
    <Counters total="1" executed="1" passed="1" error="0" failed="0" timeout="0" aborted="0" inconclusive="0" passedButRunAborted="0" notRunnable="0" notExecuted="0" disconnected="0" warning="0" completed="0" inProgress="0" pending="0" />
  </ResultSummary>
  <TestDefinitions>
    <UnitTest name="StTest" storage="c:\users\ани\documents\visual studio 2010\projects\gmesh\testofgeometry\bin\debug\testofgeometry.dll" id="db78a6c8-4a5e-8fb6-dfae-8fa7a5f766d2">
      <Execution id="cc46b59f-43b3-460b-b032-12984a308689" />
      <TestMethod codeBase="c:/users/ани/documents/visual studio 2010/Projects/GMESH/TestOfGeometry/bin/Debug/TestOfGeometry.DLL" adapterTypeName="Microsoft.VisualStudio.TestTools.TestTypes.Unit.UnitTestAdapter, Microsoft.VisualStudio.QualityTools.Tips.UnitTest.Adapter, Version=10.0.0.0, Culture=neutral, PublicKeyToken=b03f5f7f11d50a3a" className="TestOfGeometry.SegmentTest, TestOfGeometry, Version=1.0.0.0, Culture=neutral, PublicKeyToken=null" name="StTest" />
    </UnitTest>
  </TestDefinitions>
  <TestLists>
    <TestList name="Отсутствующие в списке результаты" id="8c84fa94-04c1-424b-9868-57a2d4851a1d" />
    <TestList name="Все загруженные результаты" id="19431567-8539-422a-85d7-44ee4e166bda" />
  </TestLists>
  <TestEntries>
    <TestEntry testId="db78a6c8-4a5e-8fb6-dfae-8fa7a5f766d2" executionId="cc46b59f-43b3-460b-b032-12984a308689" testListId="8c84fa94-04c1-424b-9868-57a2d4851a1d" />
  </TestEntries>
  <Results>
    <UnitTestResult executionId="cc46b59f-43b3-460b-b032-12984a308689" testId="db78a6c8-4a5e-8fb6-dfae-8fa7a5f766d2" testName="StTest" computerName="АНИ-ПК" duration="00:00:00.0545342" startTime="2016-04-12T13:54:42.6471849+03:00" endTime="2016-04-12T13:54:43.3171858+03:00" testType="13cdc9d9-ddb5-4fa4-a97d-d965ccfc6d4b" outcome="Passed" testListId="8c84fa94-04c1-424b-9868-57a2d4851a1d" relativeResultsDirectory="cc46b59f-43b3-460b-b032-12984a308689">
    </UnitTestResult>
  </Results>
</TestRun>